#
# There is insufficient memory for the Java Runtime Environment to continue.
# Native memory allocation (malloc) failed to allocate 555376 bytes for Chunk::new
# Possible reasons:
#   The system is out of physical RAM or swap space
#   The process is running with CompressedOops enabled, and the Java Heap may be blocking the growth of the native heap
# Possible solutions:
#   Reduce memory load on the system
#   Increase physical memory or swap space
#   Check if swap backing store is full
#   Decrease Java heap size (-Xmx/-Xms)
#   Decrease number of Java threads
#   Decrease Java thread stack sizes (-Xss)
#   Set larger code cache with -XX:ReservedCodeCacheSize=
#   JVM is running with Unscaled Compressed Oops mode in which the Java heap is
#     placed in the first 4GB address space. The Java Heap base address is the
#     maximum limit for the native heap growth. Please use -XX:HeapBaseMinAddress
#     to set the Java Heap base and to place the Java Heap above 4GB virtual address.
# This output file may be truncated or incomplete.
#
#  Out of Memory Error (./src/hotspot/share/memory/arena.cpp:197), pid=19564, tid=1188
#
# JRE version: OpenJDK Runtime Environment (11.0.8+10) (build 11.0.8+10-b944.6842174)
# Java VM: OpenJDK 64-Bit Server VM (11.0.8+10-b944.6842174, mixed mode, tiered, compressed oops, g1 gc, windows-amd64)
# No core dump will be written. Minidumps are not enabled by default on client versions of Windows
#

---------------  S U M M A R Y ------------

Command Line: --add-opens=java.base/java.util=ALL-UNNAMED --add-opens=java.base/java.lang=ALL-UNNAMED --add-opens=java.base/java.lang.invoke=ALL-UNNAMED --add-opens=java.prefs/java.util.prefs=ALL-UNNAMED -Xmx2048m -Dfile.encoding=UTF-8 -Duser.country=US -Duser.language=en -Duser.variant org.gradle.launcher.daemon.bootstrap.GradleDaemon 6.7.1

Host: AMD Ryzen 7 3750H with Radeon Vega Mobile Gfx  , 8 cores, 13G,  Windows 10 , 64 bit Build 22000 (10.0.22000.708)
Time: Fri Sep 23 11:14:43 2022 SE Asia Standard Time elapsed time: 4 seconds (0d 0h 0m 4s)

---------------  T H R E A D  ---------------

Current thread (0x0000018f5af97000):  JavaThread "C2 CompilerThread2" daemon [_thread_in_native, id=1188, stack(0x00000027d3f00000,0x00000027d4000000)]


Current CompileTask:
C2:   4552 2415   !   4       java.net.URL::<init> (543 bytes)

Stack: [0x00000027d3f00000,0x00000027d4000000]
Native frames: (J=compiled Java code, j=interpreted, Vv=VM code, C=native code)
V  [jvm.dll+0x5de50a]
V  [jvm.dll+0x7122f5]
V  [jvm.dll+0x71384d]
V  [jvm.dll+0x713f03]
V  [jvm.dll+0x23e728]
V  [jvm.dll+0xb899c]
V  [jvm.dll+0xb8e9c]
V  [jvm.dll+0x2b20e4]
V  [jvm.dll+0x502098]
V  [jvm.dll+0x1f8efd]
V  [jvm.dll+0x1f685f]
V  [jvm.dll+0x17f32c]
V  [jvm.dll+0x205047]
V  [jvm.dll+0x203891]
V  [jvm.dll+0x6dad3f]
V  [jvm.dll+0x6d3895]
V  [jvm.dll+0x5dd4a6]
C  [ucrtbase.dll+0x26c0c]
C  [KERNEL32.DLL+0x154e0]
C  [ntdll.dll+0x485b]


---------------  P R O C E S S  ---------------

Threads class SMR info:
_java_thread_list=0x0000018f5ca14680, length=49, elements={
0x0000018f3ca9f800, 0x0000018f56ddd000, 0x0000018f56dd5000, 0x0000018f5765b800,
0x0000018f5765c800, 0x0000018f5765d800, 0x0000018f5765e800, 0x0000018f57673800,
0x0000018f577ce800, 0x0000018f57812000, 0x0000018f59b49800, 0x0000018f5874e000,
0x0000018f59c0f000, 0x0000018f59fde800, 0x0000018f59829000, 0x0000018f58c9f800,
0x0000018f59127000, 0x0000018f58dfe800, 0x0000018f58d67000, 0x0000018f5895b800,
0x0000018f58f2e800, 0x0000018f58f2c800, 0x0000018f58f2f000, 0x0000018f59fb3000,
0x0000018f58f2d800, 0x0000018f5b05f800, 0x0000018f5b05c800, 0x0000018f5b05e000,
0x0000018f5b05f000, 0x0000018f5b060800, 0x0000018f5b05a800, 0x0000018f5b061800,
0x0000018f5b05b800, 0x0000018f5b062000, 0x0000018f5af97000, 0x0000018f5b063000,
0x0000018f5b05d000, 0x0000018f5b064800, 0x0000018f5b069800, 0x0000018f5b068800,
0x0000018f5b063800, 0x0000018f5b066000, 0x0000018f5b065800, 0x0000018f5b067000,
0x0000018f5b068000, 0x0000018f5b47f800, 0x0000018f5b47e800, 0x0000018f5b484800,
0x0000018f5b481000
}

Java Threads: ( => current thread )
  0x0000018f3ca9f800 JavaThread "main" [_thread_blocked, id=3744, stack(0x00000027d0c00000,0x00000027d0d00000)]
  0x0000018f56ddd000 JavaThread "Reference Handler" daemon [_thread_blocked, id=13084, stack(0x00000027d1300000,0x00000027d1400000)]
  0x0000018f56dd5000 JavaThread "Finalizer" daemon [_thread_blocked, id=14552, stack(0x00000027d1400000,0x00000027d1500000)]
  0x0000018f5765b800 JavaThread "Signal Dispatcher" daemon [_thread_blocked, id=3968, stack(0x00000027d1500000,0x00000027d1600000)]
  0x0000018f5765c800 JavaThread "Attach Listener" daemon [_thread_blocked, id=820, stack(0x00000027d1600000,0x00000027d1700000)]
  0x0000018f5765d800 JavaThread "C2 CompilerThread0" daemon [_thread_blocked, id=912, stack(0x00000027d1700000,0x00000027d1800000)]
  0x0000018f5765e800 JavaThread "C1 CompilerThread0" daemon [_thread_blocked, id=18576, stack(0x00000027d1800000,0x00000027d1900000)]
  0x0000018f57673800 JavaThread "Sweeper thread" daemon [_thread_blocked, id=12212, stack(0x00000027d1900000,0x00000027d1a00000)]
  0x0000018f577ce800 JavaThread "Common-Cleaner" daemon [_thread_blocked, id=6832, stack(0x00000027d1a00000,0x00000027d1b00000)]
  0x0000018f57812000 JavaThread "Service Thread" daemon [_thread_blocked, id=19024, stack(0x00000027d1b00000,0x00000027d1c00000)]
  0x0000018f59b49800 JavaThread "Daemon health stats" [_thread_blocked, id=18280, stack(0x00000027d2300000,0x00000027d2400000)]
  0x0000018f5874e000 JavaThread "Incoming local TCP Connector on port 51048" [_thread_in_native, id=3276, stack(0x00000027d2400000,0x00000027d2500000)]
  0x0000018f59c0f000 JavaThread "Daemon periodic checks" [_thread_blocked, id=15028, stack(0x00000027d2500000,0x00000027d2600000)]
  0x0000018f59fde800 JavaThread "Daemon" [_thread_blocked, id=8496, stack(0x00000027d2600000,0x00000027d2700000)]
  0x0000018f59829000 JavaThread "Handler for socket connection from /127.0.0.1:51048 to /127.0.0.1:51049" [_thread_in_native, id=16852, stack(0x00000027d2700000,0x00000027d2800000)]
  0x0000018f58c9f800 JavaThread "Cancel handler" [_thread_blocked, id=8008, stack(0x00000027d2800000,0x00000027d2900000)]
  0x0000018f59127000 JavaThread "Daemon worker" [_thread_in_vm, id=4124, stack(0x00000027d2900000,0x00000027d2a00000)]
  0x0000018f58dfe800 JavaThread "Asynchronous log dispatcher for DefaultDaemonConnection: socket connection from /127.0.0.1:51048 to /127.0.0.1:51049" [_thread_blocked, id=19320, stack(0x00000027d2a00000,0x00000027d2b00000)]
  0x0000018f58d67000 JavaThread "Stdin handler" [_thread_blocked, id=14696, stack(0x00000027d2b00000,0x00000027d2c00000)]
  0x0000018f5895b800 JavaThread "Thread-8" [_thread_blocked, id=18580, stack(0x00000027d2c00000,0x00000027d2d00000)]
  0x0000018f58f2e800 JavaThread "Cache worker for file hash cache (C:\Users\Glenny\.gradle\caches\6.7.1\fileHashes)" [_thread_blocked, id=8460, stack(0x00000027d2d00000,0x00000027d2e00000)]
  0x0000018f58f2c800 JavaThread "File lock request listener" [_thread_in_native, id=9688, stack(0x00000027d2e00000,0x00000027d2f00000)]
  0x0000018f58f2f000 JavaThread "Cache worker for journal cache (C:\Users\Glenny\.gradle\caches\journal-1)" [_thread_blocked, id=7272, stack(0x00000027d3300000,0x00000027d3400000)]
  0x0000018f59fb3000 JavaThread "C2 CompilerThread1" daemon [_thread_in_native, id=7804, stack(0x00000027d3400000,0x00000027d3500000)]
  0x0000018f58f2d800 JavaThread "File lock release action executor" [_thread_blocked, id=13564, stack(0x00000027d3500000,0x00000027d3600000)]
  0x0000018f5b05f800 JavaThread "Cache worker for file hash cache (C:\Users\Glenny\AndroidStudioProjects\SummareconSensor\.gradle\6.7.1\fileHashes)" [_thread_blocked, id=2312, stack(0x00000027d3600000,0x00000027d3700000)]
  0x0000018f5b05c800 JavaThread "jar transforms" [_thread_blocked, id=1788, stack(0x00000027d3700000,0x00000027d3800000)]
  0x0000018f5b05e000 JavaThread "jar transforms Thread 2" [_thread_blocked, id=7384, stack(0x00000027d3800000,0x00000027d3900000)]
  0x0000018f5b05f000 JavaThread "jar transforms Thread 3" [_thread_blocked, id=13520, stack(0x00000027d3900000,0x00000027d3a00000)]
  0x0000018f5b060800 JavaThread "jar transforms Thread 4" [_thread_blocked, id=9316, stack(0x00000027d3a00000,0x00000027d3b00000)]
  0x0000018f5b05a800 JavaThread "jar transforms Thread 5" [_thread_blocked, id=7276, stack(0x00000027d3b00000,0x00000027d3c00000)]
  0x0000018f5b061800 JavaThread "jar transforms Thread 6" [_thread_blocked, id=9284, stack(0x00000027d3c00000,0x00000027d3d00000)]
  0x0000018f5b05b800 JavaThread "jar transforms Thread 7" [_thread_blocked, id=11256, stack(0x00000027d3d00000,0x00000027d3e00000)]
  0x0000018f5b062000 JavaThread "jar transforms Thread 8" [_thread_blocked, id=9304, stack(0x00000027d3e00000,0x00000027d3f00000)]
=>0x0000018f5af97000 JavaThread "C2 CompilerThread2" daemon [_thread_in_native, id=1188, stack(0x00000027d3f00000,0x00000027d4000000)]
  0x0000018f5b063000 JavaThread "jar transforms Thread 9" [_thread_blocked, id=19192, stack(0x00000027d4000000,0x00000027d4100000)]
  0x0000018f5b05d000 JavaThread "jar transforms Thread 10" [_thread_blocked, id=19092, stack(0x00000027d4100000,0x00000027d4200000)]
  0x0000018f5b064800 JavaThread "jar transforms Thread 11" [_thread_blocked, id=9204, stack(0x00000027d4200000,0x00000027d4300000)]
  0x0000018f5b069800 JavaThread "jar transforms Thread 12" [_thread_blocked, id=18856, stack(0x00000027d4300000,0x00000027d4400000)]
  0x0000018f5b068800 JavaThread "jar transforms Thread 13" [_thread_blocked, id=15564, stack(0x00000027d4400000,0x00000027d4500000)]
  0x0000018f5b063800 JavaThread "jar transforms Thread 14" [_thread_blocked, id=19008, stack(0x00000027d4500000,0x00000027d4600000)]
  0x0000018f5b066000 JavaThread "jar transforms Thread 15" [_thread_blocked, id=19436, stack(0x00000027d4600000,0x00000027d4700000)]
  0x0000018f5b065800 JavaThread "jar transforms Thread 16" [_thread_blocked, id=13664, stack(0x00000027d4700000,0x00000027d4800000)]
  0x0000018f5b067000 JavaThread "jar transforms Thread 17" [_thread_blocked, id=18952, stack(0x00000027d4800000,0x00000027d4900000)]
  0x0000018f5b068000 JavaThread "jar transforms Thread 18" [_thread_blocked, id=19432, stack(0x00000027d4900000,0x00000027d4a00000)]
  0x0000018f5b47f800 JavaThread "jar transforms Thread 19" [_thread_blocked, id=10272, stack(0x00000027d4a00000,0x00000027d4b00000)]
  0x0000018f5b47e800 JavaThread "jar transforms Thread 20" [_thread_blocked, id=8492, stack(0x00000027d4b00000,0x00000027d4c00000)]
  0x0000018f5b484800 JavaThread "jar transforms Thread 21" [_thread_blocked, id=5364, stack(0x00000027d4c00000,0x00000027d4d00000)]
  0x0000018f5b481000 JavaThread "Cache worker for checksums cache (C:\Users\Glenny\AndroidStudioProjects\SummareconSensor\.gradle\checksums)" [_thread_blocked, id=5372, stack(0x00000027d4d00000,0x00000027d4e00000)]

Other Threads:
  0x0000018f57608000 VMThread "VM Thread" [stack: 0x00000027d1200000,0x00000027d1300000] [id=9188]
  0x0000018f57813000 WatcherThread [stack: 0x00000027d1c00000,0x00000027d1d00000] [id=19352]
  0x0000018f3cab7000 GCTaskThread "GC Thread#0" [stack: 0x00000027d0d00000,0x00000027d0e00000] [id=20152]
  0x0000018f582ea000 GCTaskThread "GC Thread#1" [stack: 0x00000027d1e00000,0x00000027d1f00000] [id=17488]
  0x0000018f5856a800 GCTaskThread "GC Thread#2" [stack: 0x00000027d1f00000,0x00000027d2000000] [id=10712]
  0x0000018f5856b800 GCTaskThread "GC Thread#3" [stack: 0x00000027d2000000,0x00000027d2100000] [id=2936]
  0x0000018f5864a000 GCTaskThread "GC Thread#4" [stack: 0x00000027d2100000,0x00000027d2200000] [id=1672]
  0x0000018f58e56800 GCTaskThread "GC Thread#5" [stack: 0x00000027d2f00000,0x00000027d3000000] [id=18880]
  0x0000018f597e0000 GCTaskThread "GC Thread#6" [stack: 0x00000027d3000000,0x00000027d3100000] [id=14452]
  0x0000018f59b15800 GCTaskThread "GC Thread#7" [stack: 0x00000027d3100000,0x00000027d3200000] [id=5172]
  0x0000018f3cae9800 ConcurrentGCThread "G1 Main Marker" [stack: 0x00000027d0e00000,0x00000027d0f00000] [id=17708]
  0x0000018f3caeb800 ConcurrentGCThread "G1 Conc#0" [stack: 0x00000027d0f00000,0x00000027d1000000] [id=20024]
  0x0000018f58f43800 ConcurrentGCThread "G1 Conc#1" [stack: 0x00000027d3200000,0x00000027d3300000] [id=6412]
  0x0000018f56c44800 ConcurrentGCThread "G1 Refine#0" [stack: 0x00000027d1000000,0x00000027d1100000] [id=18816]
  0x0000018f56c47000 ConcurrentGCThread "G1 Young RemSet Sampling" [stack: 0x00000027d1100000,0x00000027d1200000] [id=20032]

Threads with active compile tasks:
C2 CompilerThread1   4590 2174   !   4       java.net.URLClassLoader$1::run (63 bytes)
C2 CompilerThread2   4590 2415   !   4       java.net.URL::<init> (543 bytes)

VM state:not at safepoint (normal execution)

VM Mutex/Monitor currently owned by a thread:  ([mutex/lock_event])
[0x0000018f3ca9abe0] CodeCache_lock - owner thread: 0x0000018f59fb3000
[0x0000018f3ca9bc30] Compile_lock - owner thread: 0x0000018f59fb3000
[0x0000018f3ca9c530] MethodCompileQueue_lock - owner thread: 0x0000018f59fb3000

Heap address: 0x0000000080000000, size: 2048 MB, Compressed Oops mode: 32-bit
Narrow klass base: 0x0000000000000000, Narrow klass shift: 3
Compressed class space size: 1073741824 Address: 0x0000000100000000

Heap:
 garbage-first heap   total 229376K, used 55710K [0x0000000080000000, 0x0000000100000000)
  region size 1024K, 32 young (32768K), 3 survivors (3072K)
 Metaspace       used 27677K, capacity 28410K, committed 28544K, reserved 1073152K
  class space    used 3662K, capacity 3943K, committed 3968K, reserved 1048576K
Heap Regions: E=young(eden), S=young(survivor), O=old, HS=humongous(starts), HC=humongous(continues), CS=collection set, F=free, A=archive, TAMS=top-at-mark-start (previous, next)
|   0|0x0000000080000000, 0x0000000080100000, 0x0000000080100000|100%| O|  |TAMS 0x0000000080000000, 0x0000000080000000| Untracked 
|   1|0x0000000080100000, 0x0000000080200000, 0x0000000080200000|100%| O|  |TAMS 0x0000000080100000, 0x0000000080100000| Untracked 
|   2|0x0000000080200000, 0x0000000080300000, 0x0000000080300000|100%| O|  |TAMS 0x0000000080200000, 0x0000000080200000| Untracked 
|   3|0x0000000080300000, 0x0000000080400000, 0x0000000080400000|100%|HS|  |TAMS 0x0000000080400000, 0x0000000080300000| Complete 
|   4|0x0000000080400000, 0x0000000080500000, 0x0000000080500000|100%|HC|  |TAMS 0x0000000080500000, 0x0000000080400000| Complete 
|   5|0x0000000080500000, 0x0000000080600000, 0x0000000080600000|100%|HC|  |TAMS 0x0000000080600000, 0x0000000080500000| Complete 
|   6|0x0000000080600000, 0x0000000080700000, 0x0000000080700000|100%| O|  |TAMS 0x0000000080700000, 0x0000000080600000| Untracked 
|   7|0x0000000080700000, 0x0000000080800000, 0x0000000080800000|100%| O|  |TAMS 0x0000000080800000, 0x0000000080700000| Untracked 
|   8|0x0000000080800000, 0x0000000080900000, 0x0000000080900000|100%| O|  |TAMS 0x0000000080825c00, 0x0000000080800000| Untracked 
|   9|0x0000000080900000, 0x0000000080a00000, 0x0000000080a00000|100%| O|  |TAMS 0x0000000080900000, 0x0000000080900000| Untracked 
|  10|0x0000000080a00000, 0x0000000080b00000, 0x0000000080b00000|100%| O|  |TAMS 0x0000000080a00000, 0x0000000080a00000| Untracked 
|  11|0x0000000080b00000, 0x0000000080c00000, 0x0000000080c00000|100%| O|  |TAMS 0x0000000080b00000, 0x0000000080b00000| Untracked 
|  12|0x0000000080c00000, 0x0000000080d00000, 0x0000000080d00000|100%| O|  |TAMS 0x0000000080c00000, 0x0000000080c00000| Untracked 
|  13|0x0000000080d00000, 0x0000000080e00000, 0x0000000080e00000|100%| O|  |TAMS 0x0000000080d00000, 0x0000000080d00000| Untracked 
|  14|0x0000000080e00000, 0x0000000080f00000, 0x0000000080f00000|100%| O|  |TAMS 0x0000000080e00000, 0x0000000080e00000| Untracked 
|  15|0x0000000080f00000, 0x0000000080f32600, 0x0000000081000000| 19%| O|  |TAMS 0x0000000080f00000, 0x0000000080f00000| Untracked 
|  16|0x0000000081000000, 0x0000000081100000, 0x0000000081100000|100%|HS|  |TAMS 0x0000000081000000, 0x0000000081000000| Complete 
|  17|0x0000000081100000, 0x0000000081200000, 0x0000000081200000|100%|HC|  |TAMS 0x0000000081100000, 0x0000000081100000| Complete 
|  18|0x0000000081200000, 0x0000000081300000, 0x0000000081300000|100%|HS|  |TAMS 0x0000000081200000, 0x0000000081200000| Complete 
|  19|0x0000000081300000, 0x0000000081400000, 0x0000000081400000|100%|HC|  |TAMS 0x0000000081300000, 0x0000000081300000| Complete 
|  20|0x0000000081400000, 0x0000000081500000, 0x0000000081500000|100%|HC|  |TAMS 0x0000000081400000, 0x0000000081400000| Complete 
|  21|0x0000000081500000, 0x0000000081600000, 0x0000000081600000|100%|HS|  |TAMS 0x0000000081500000, 0x0000000081500000| Complete 
|  22|0x0000000081600000, 0x0000000081700000, 0x0000000081700000|100%|HC|  |TAMS 0x0000000081600000, 0x0000000081600000| Complete 
|  23|0x0000000081700000, 0x0000000081800000, 0x0000000081800000|100%|HC|  |TAMS 0x0000000081700000, 0x0000000081700000| Complete 
|  24|0x0000000081800000, 0x0000000081900000, 0x0000000081900000|100%|HC|  |TAMS 0x0000000081800000, 0x0000000081800000| Complete 
|  25|0x0000000081900000, 0x0000000081900000, 0x0000000081a00000|  0%| F|  |TAMS 0x0000000081900000, 0x0000000081900000| Untracked 
|  26|0x0000000081a00000, 0x0000000081a00000, 0x0000000081b00000|  0%| F|  |TAMS 0x0000000081a00000, 0x0000000081a00000| Untracked 
|  27|0x0000000081b00000, 0x0000000081b00000, 0x0000000081c00000|  0%| F|  |TAMS 0x0000000081b00000, 0x0000000081b00000| Untracked 
|  28|0x0000000081c00000, 0x0000000081c00000, 0x0000000081d00000|  0%| F|  |TAMS 0x0000000081c00000, 0x0000000081c00000| Untracked 
|  29|0x0000000081d00000, 0x0000000081d00000, 0x0000000081e00000|  0%| F|  |TAMS 0x0000000081d00000, 0x0000000081d00000| Untracked 
|  30|0x0000000081e00000, 0x0000000081e00000, 0x0000000081f00000|  0%| F|  |TAMS 0x0000000081e00000, 0x0000000081e00000| Untracked 
|  31|0x0000000081f00000, 0x0000000081f00000, 0x0000000082000000|  0%| F|  |TAMS 0x0000000081f00000, 0x0000000081f00000| Untracked 
|  32|0x0000000082000000, 0x0000000082000000, 0x0000000082100000|  0%| F|  |TAMS 0x0000000082000000, 0x0000000082000000| Untracked 
|  33|0x0000000082100000, 0x0000000082100000, 0x0000000082200000|  0%| F|  |TAMS 0x0000000082100000, 0x0000000082100000| Untracked 
|  34|0x0000000082200000, 0x0000000082200000, 0x0000000082300000|  0%| F|  |TAMS 0x0000000082200000, 0x0000000082200000| Untracked 
|  35|0x0000000082300000, 0x0000000082300000, 0x0000000082400000|  0%| F|  |TAMS 0x0000000082300000, 0x0000000082300000| Untracked 
|  36|0x0000000082400000, 0x0000000082400000, 0x0000000082500000|  0%| F|  |TAMS 0x0000000082400000, 0x0000000082400000| Untracked 
|  37|0x0000000082500000, 0x0000000082500000, 0x0000000082600000|  0%| F|  |TAMS 0x0000000082500000, 0x0000000082500000| Untracked 
|  38|0x0000000082600000, 0x0000000082600000, 0x0000000082700000|  0%| F|  |TAMS 0x0000000082600000, 0x0000000082600000| Untracked 
|  39|0x0000000082700000, 0x0000000082700000, 0x0000000082800000|  0%| F|  |TAMS 0x0000000082700000, 0x0000000082700000| Untracked 
|  40|0x0000000082800000, 0x0000000082800000, 0x0000000082900000|  0%| F|  |TAMS 0x0000000082800000, 0x0000000082800000| Untracked 
|  41|0x0000000082900000, 0x0000000082900000, 0x0000000082a00000|  0%| F|  |TAMS 0x0000000082900000, 0x0000000082900000| Untracked 
|  42|0x0000000082a00000, 0x0000000082a00000, 0x0000000082b00000|  0%| F|  |TAMS 0x0000000082a00000, 0x0000000082a00000| Untracked 
|  43|0x0000000082b00000, 0x0000000082b00000, 0x0000000082c00000|  0%| F|  |TAMS 0x0000000082b00000, 0x0000000082b00000| Untracked 
|  44|0x0000000082c00000, 0x0000000082c00000, 0x0000000082d00000|  0%| F|  |TAMS 0x0000000082c00000, 0x0000000082c00000| Untracked 
|  45|0x0000000082d00000, 0x0000000082d00000, 0x0000000082e00000|  0%| F|  |TAMS 0x0000000082d00000, 0x0000000082d00000| Untracked 
|  46|0x0000000082e00000, 0x0000000082e00000, 0x0000000082f00000|  0%| F|  |TAMS 0x0000000082e00000, 0x0000000082e00000| Untracked 
|  47|0x0000000082f00000, 0x0000000082f00000, 0x0000000083000000|  0%| F|  |TAMS 0x0000000082f00000, 0x0000000082f00000| Untracked 
|  48|0x0000000083000000, 0x0000000083000000, 0x0000000083100000|  0%| F|  |TAMS 0x0000000083000000, 0x0000000083000000| Untracked 
|  49|0x0000000083100000, 0x0000000083100000, 0x0000000083200000|  0%| F|  |TAMS 0x0000000083100000, 0x0000000083100000| Untracked 
|  50|0x0000000083200000, 0x0000000083200000, 0x0000000083300000|  0%| F|  |TAMS 0x0000000083200000, 0x0000000083200000| Untracked 
|  51|0x0000000083300000, 0x0000000083300000, 0x0000000083400000|  0%| F|  |TAMS 0x0000000083300000, 0x0000000083300000| Untracked 
|  52|0x0000000083400000, 0x0000000083400000, 0x0000000083500000|  0%| F|  |TAMS 0x0000000083400000, 0x0000000083400000| Untracked 
|  53|0x0000000083500000, 0x0000000083500000, 0x0000000083600000|  0%| F|  |TAMS 0x0000000083500000, 0x0000000083500000| Untracked 
|  54|0x0000000083600000, 0x0000000083600000, 0x0000000083700000|  0%| F|  |TAMS 0x0000000083600000, 0x0000000083600000| Untracked 
|  55|0x0000000083700000, 0x0000000083700000, 0x0000000083800000|  0%| F|  |TAMS 0x0000000083700000, 0x0000000083700000| Untracked 
|  56|0x0000000083800000, 0x0000000083800000, 0x0000000083900000|  0%| F|  |TAMS 0x0000000083800000, 0x0000000083800000| Untracked 
|  57|0x0000000083900000, 0x0000000083900000, 0x0000000083a00000|  0%| F|  |TAMS 0x0000000083900000, 0x0000000083900000| Untracked 
|  58|0x0000000083a00000, 0x0000000083a00000, 0x0000000083b00000|  0%| F|  |TAMS 0x0000000083a00000, 0x0000000083a00000| Untracked 
|  59|0x0000000083b00000, 0x0000000083b00000, 0x0000000083c00000|  0%| F|  |TAMS 0x0000000083b00000, 0x0000000083b00000| Untracked 
|  60|0x0000000083c00000, 0x0000000083c00000, 0x0000000083d00000|  0%| F|  |TAMS 0x0000000083c00000, 0x0000000083c00000| Untracked 
|  61|0x0000000083d00000, 0x0000000083d00000, 0x0000000083e00000|  0%| F|  |TAMS 0x0000000083d00000, 0x0000000083d00000| Untracked 
|  62|0x0000000083e00000, 0x0000000083e00000, 0x0000000083f00000|  0%| F|  |TAMS 0x0000000083e00000, 0x0000000083e00000| Untracked 
|  63|0x0000000083f00000, 0x0000000083f00000, 0x0000000084000000|  0%| F|  |TAMS 0x0000000083f00000, 0x0000000083f00000| Untracked 
|  64|0x0000000084000000, 0x0000000084000000, 0x0000000084100000|  0%| F|  |TAMS 0x0000000084000000, 0x0000000084000000| Untracked 
|  65|0x0000000084100000, 0x0000000084100000, 0x0000000084200000|  0%| F|  |TAMS 0x0000000084100000, 0x0000000084100000| Untracked 
|  66|0x0000000084200000, 0x0000000084200000, 0x0000000084300000|  0%| F|  |TAMS 0x0000000084200000, 0x0000000084200000| Untracked 
|  67|0x0000000084300000, 0x0000000084300000, 0x0000000084400000|  0%| F|  |TAMS 0x0000000084300000, 0x0000000084300000| Untracked 
|  68|0x0000000084400000, 0x0000000084400000, 0x0000000084500000|  0%| F|  |TAMS 0x0000000084400000, 0x0000000084400000| Untracked 
|  69|0x0000000084500000, 0x0000000084500000, 0x0000000084600000|  0%| F|  |TAMS 0x0000000084500000, 0x0000000084500000| Untracked 
|  70|0x0000000084600000, 0x0000000084600000, 0x0000000084700000|  0%| F|  |TAMS 0x0000000084600000, 0x0000000084600000| Untracked 
|  71|0x0000000084700000, 0x0000000084700000, 0x0000000084800000|  0%| F|  |TAMS 0x0000000084700000, 0x0000000084700000| Untracked 
|  72|0x0000000084800000, 0x0000000084800000, 0x0000000084900000|  0%| F|  |TAMS 0x0000000084800000, 0x0000000084800000| Untracked 
|  73|0x0000000084900000, 0x0000000084900000, 0x0000000084a00000|  0%| F|  |TAMS 0x0000000084900000, 0x0000000084900000| Untracked 
|  74|0x0000000084a00000, 0x0000000084a00000, 0x0000000084b00000|  0%| F|  |TAMS 0x0000000084a00000, 0x0000000084a00000| Untracked 
|  75|0x0000000084b00000, 0x0000000084b00000, 0x0000000084c00000|  0%| F|  |TAMS 0x0000000084b00000, 0x0000000084b00000| Untracked 
|  76|0x0000000084c00000, 0x0000000084c00000, 0x0000000084d00000|  0%| F|  |TAMS 0x0000000084c00000, 0x0000000084c00000| Untracked 
|  77|0x0000000084d00000, 0x0000000084d00000, 0x0000000084e00000|  0%| F|  |TAMS 0x0000000084d00000, 0x0000000084d00000| Untracked 
|  78|0x0000000084e00000, 0x0000000084e00000, 0x0000000084f00000|  0%| F|  |TAMS 0x0000000084e00000, 0x0000000084e00000| Untracked 
|  79|0x0000000084f00000, 0x0000000084f00000, 0x0000000085000000|  0%| F|  |TAMS 0x0000000084f00000, 0x0000000084f00000| Untracked 
|  80|0x0000000085000000, 0x0000000085000000, 0x0000000085100000|  0%| F|  |TAMS 0x0000000085000000, 0x0000000085000000| Untracked 
|  81|0x0000000085100000, 0x0000000085100000, 0x0000000085200000|  0%| F|  |TAMS 0x0000000085100000, 0x0000000085100000| Untracked 
|  82|0x0000000085200000, 0x0000000085200000, 0x0000000085300000|  0%| F|  |TAMS 0x0000000085200000, 0x0000000085200000| Untracked 
|  83|0x0000000085300000, 0x0000000085300000, 0x0000000085400000|  0%| F|  |TAMS 0x0000000085300000, 0x0000000085300000| Untracked 
|  84|0x0000000085400000, 0x0000000085400000, 0x0000000085500000|  0%| F|  |TAMS 0x0000000085400000, 0x0000000085400000| Untracked 
|  85|0x0000000085500000, 0x0000000085500000, 0x0000000085600000|  0%| F|  |TAMS 0x0000000085500000, 0x0000000085500000| Untracked 
|  86|0x0000000085600000, 0x0000000085600000, 0x0000000085700000|  0%| F|  |TAMS 0x0000000085600000, 0x0000000085600000| Untracked 
|  87|0x0000000085700000, 0x0000000085700000, 0x0000000085800000|  0%| F|  |TAMS 0x0000000085700000, 0x0000000085700000| Untracked 
|  88|0x0000000085800000, 0x0000000085800000, 0x0000000085900000|  0%| F|  |TAMS 0x0000000085800000, 0x0000000085800000| Untracked 
|  89|0x0000000085900000, 0x0000000085900000, 0x0000000085a00000|  0%| F|  |TAMS 0x0000000085900000, 0x0000000085900000| Untracked 
|  90|0x0000000085a00000, 0x0000000085a00000, 0x0000000085b00000|  0%| F|  |TAMS 0x0000000085a00000, 0x0000000085a00000| Untracked 
|  91|0x0000000085b00000, 0x0000000085b00000, 0x0000000085c00000|  0%| F|  |TAMS 0x0000000085b00000, 0x0000000085b00000| Untracked 
|  92|0x0000000085c00000, 0x0000000085c00000, 0x0000000085d00000|  0%| F|  |TAMS 0x0000000085c00000, 0x0000000085c00000| Untracked 
|  93|0x0000000085d00000, 0x0000000085d00000, 0x0000000085e00000|  0%| F|  |TAMS 0x0000000085d00000, 0x0000000085d00000| Untracked 
|  94|0x0000000085e00000, 0x0000000085e00000, 0x0000000085f00000|  0%| F|  |TAMS 0x0000000085e00000, 0x0000000085e00000| Untracked 
|  95|0x0000000085f00000, 0x0000000085f00000, 0x0000000086000000|  0%| F|  |TAMS 0x0000000085f00000, 0x0000000085f00000| Untracked 
|  96|0x0000000086000000, 0x0000000086000000, 0x0000000086100000|  0%| F|  |TAMS 0x0000000086000000, 0x0000000086000000| Untracked 
|  97|0x0000000086100000, 0x0000000086100000, 0x0000000086200000|  0%| F|  |TAMS 0x0000000086100000, 0x0000000086100000| Untracked 
|  98|0x0000000086200000, 0x0000000086200000, 0x0000000086300000|  0%| F|  |TAMS 0x0000000086200000, 0x0000000086200000| Untracked 
|  99|0x0000000086300000, 0x0000000086300000, 0x0000000086400000|  0%| F|  |TAMS 0x0000000086300000, 0x0000000086300000| Untracked 
| 100|0x0000000086400000, 0x0000000086400000, 0x0000000086500000|  0%| F|  |TAMS 0x0000000086400000, 0x0000000086400000| Untracked 
| 101|0x0000000086500000, 0x0000000086500000, 0x0000000086600000|  0%| F|  |TAMS 0x0000000086500000, 0x0000000086500000| Untracked 
| 102|0x0000000086600000, 0x0000000086600000, 0x0000000086700000|  0%| F|  |TAMS 0x0000000086600000, 0x0000000086600000| Untracked 
| 103|0x0000000086700000, 0x0000000086700000, 0x0000000086800000|  0%| F|  |TAMS 0x0000000086700000, 0x0000000086700000| Untracked 
| 104|0x0000000086800000, 0x0000000086800000, 0x0000000086900000|  0%| F|  |TAMS 0x0000000086800000, 0x0000000086800000| Untracked 
| 105|0x0000000086900000, 0x0000000086900000, 0x0000000086a00000|  0%| F|  |TAMS 0x0000000086900000, 0x0000000086900000| Untracked 
| 106|0x0000000086a00000, 0x0000000086a00000, 0x0000000086b00000|  0%| F|  |TAMS 0x0000000086a00000, 0x0000000086a00000| Untracked 
| 107|0x0000000086b00000, 0x0000000086b00000, 0x0000000086c00000|  0%| F|  |TAMS 0x0000000086b00000, 0x0000000086b00000| Untracked 
| 108|0x0000000086c00000, 0x0000000086c00000, 0x0000000086d00000|  0%| F|  |TAMS 0x0000000086c00000, 0x0000000086c00000| Untracked 
| 109|0x0000000086d00000, 0x0000000086d00000, 0x0000000086e00000|  0%| F|  |TAMS 0x0000000086d00000, 0x0000000086d00000| Untracked 
| 110|0x0000000086e00000, 0x0000000086e00000, 0x0000000086f00000|  0%| F|  |TAMS 0x0000000086e00000, 0x0000000086e00000| Untracked 
| 111|0x0000000086f00000, 0x0000000086f00000, 0x0000000087000000|  0%| F|  |TAMS 0x0000000086f00000, 0x0000000086f00000| Untracked 
| 112|0x0000000087000000, 0x0000000087000000, 0x0000000087100000|  0%| F|  |TAMS 0x0000000087000000, 0x0000000087000000| Untracked 
| 113|0x0000000087100000, 0x0000000087100000, 0x0000000087200000|  0%| F|  |TAMS 0x0000000087100000, 0x0000000087100000| Untracked 
| 114|0x0000000087200000, 0x0000000087200000, 0x0000000087300000|  0%| F|  |TAMS 0x0000000087200000, 0x0000000087200000| Untracked 
| 115|0x0000000087300000, 0x0000000087300000, 0x0000000087400000|  0%| F|  |TAMS 0x0000000087300000, 0x0000000087300000| Untracked 
| 116|0x0000000087400000, 0x0000000087400000, 0x0000000087500000|  0%| F|  |TAMS 0x0000000087400000, 0x0000000087400000| Untracked 
| 117|0x0000000087500000, 0x0000000087500000, 0x0000000087600000|  0%| F|  |TAMS 0x0000000087500000, 0x0000000087500000| Untracked 
| 118|0x0000000087600000, 0x0000000087600000, 0x0000000087700000|  0%| F|  |TAMS 0x0000000087600000, 0x0000000087600000| Untracked 
| 119|0x0000000087700000, 0x0000000087700000, 0x0000000087800000|  0%| F|  |TAMS 0x0000000087700000, 0x0000000087700000| Untracked 
| 120|0x0000000087800000, 0x0000000087800000, 0x0000000087900000|  0%| F|  |TAMS 0x0000000087800000, 0x0000000087800000| Untracked 
| 121|0x0000000087900000, 0x0000000087900000, 0x0000000087a00000|  0%| F|  |TAMS 0x0000000087900000, 0x0000000087900000| Untracked 
| 122|0x0000000087a00000, 0x0000000087a00000, 0x0000000087b00000|  0%| F|  |TAMS 0x0000000087a00000, 0x0000000087a00000| Untracked 
| 123|0x0000000087b00000, 0x0000000087b00000, 0x0000000087c00000|  0%| F|  |TAMS 0x0000000087b00000, 0x0000000087b00000| Untracked 
| 124|0x0000000087c00000, 0x0000000087c00000, 0x0000000087d00000|  0%| F|  |TAMS 0x0000000087c00000, 0x0000000087c00000| Untracked 
| 125|0x0000000087d00000, 0x0000000087d00000, 0x0000000087e00000|  0%| F|  |TAMS 0x0000000087d00000, 0x0000000087d00000| Untracked 
| 126|0x0000000087e00000, 0x0000000087e00000, 0x0000000087f00000|  0%| F|  |TAMS 0x0000000087e00000, 0x0000000087e00000| Untracked 
| 127|0x0000000087f00000, 0x0000000087f00000, 0x0000000088000000|  0%| F|  |TAMS 0x0000000087f00000, 0x0000000087f00000| Untracked 
| 128|0x0000000088000000, 0x0000000088000000, 0x0000000088100000|  0%| F|  |TAMS 0x0000000088000000, 0x0000000088000000| Untracked 
| 129|0x0000000088100000, 0x0000000088100000, 0x0000000088200000|  0%| F|  |TAMS 0x0000000088100000, 0x0000000088100000| Untracked 
| 130|0x0000000088200000, 0x0000000088200000, 0x0000000088300000|  0%| F|  |TAMS 0x0000000088200000, 0x0000000088200000| Untracked 
| 131|0x0000000088300000, 0x0000000088300000, 0x0000000088400000|  0%| F|  |TAMS 0x0000000088300000, 0x0000000088300000| Untracked 
| 132|0x0000000088400000, 0x0000000088400000, 0x0000000088500000|  0%| F|  |TAMS 0x0000000088400000, 0x0000000088400000| Untracked 
| 133|0x0000000088500000, 0x0000000088500000, 0x0000000088600000|  0%| F|  |TAMS 0x0000000088500000, 0x0000000088500000| Untracked 
| 134|0x0000000088600000, 0x0000000088600000, 0x0000000088700000|  0%| F|  |TAMS 0x0000000088600000, 0x0000000088600000| Untracked 
| 135|0x0000000088700000, 0x0000000088700000, 0x0000000088800000|  0%| F|  |TAMS 0x0000000088700000, 0x0000000088700000| Untracked 
| 136|0x0000000088800000, 0x0000000088800000, 0x0000000088900000|  0%| F|  |TAMS 0x0000000088800000, 0x0000000088800000| Untracked 
| 137|0x0000000088900000, 0x0000000088900000, 0x0000000088a00000|  0%| F|  |TAMS 0x0000000088900000, 0x0000000088900000| Untracked 
| 138|0x0000000088a00000, 0x0000000088a00000, 0x0000000088b00000|  0%| F|  |TAMS 0x0000000088a00000, 0x0000000088a00000| Untracked 
| 139|0x0000000088b00000, 0x0000000088b00000, 0x0000000088c00000|  0%| F|  |TAMS 0x0000000088b00000, 0x0000000088b00000| Untracked 
| 140|0x0000000088c00000, 0x0000000088c00000, 0x0000000088d00000|  0%| F|  |TAMS 0x0000000088c00000, 0x0000000088c00000| Untracked 
| 141|0x0000000088d00000, 0x0000000088d00000, 0x0000000088e00000|  0%| F|  |TAMS 0x0000000088d00000, 0x0000000088d00000| Untracked 
| 142|0x0000000088e00000, 0x0000000088e00000, 0x0000000088f00000|  0%| F|  |TAMS 0x0000000088e00000, 0x0000000088e00000| Untracked 
| 143|0x0000000088f00000, 0x0000000088f00000, 0x0000000089000000|  0%| F|  |TAMS 0x0000000088f00000, 0x0000000088f00000| Untracked 
| 144|0x0000000089000000, 0x0000000089000000, 0x0000000089100000|  0%| F|  |TAMS 0x0000000089000000, 0x0000000089000000| Untracked 
| 145|0x0000000089100000, 0x0000000089100000, 0x0000000089200000|  0%| F|  |TAMS 0x0000000089100000, 0x0000000089100000| Untracked 
| 146|0x0000000089200000, 0x0000000089200000, 0x0000000089300000|  0%| F|  |TAMS 0x0000000089200000, 0x0000000089200000| Untracked 
| 147|0x0000000089300000, 0x0000000089300000, 0x0000000089400000|  0%| F|  |TAMS 0x0000000089300000, 0x0000000089300000| Untracked 
| 148|0x0000000089400000, 0x0000000089400000, 0x0000000089500000|  0%| F|  |TAMS 0x0000000089400000, 0x0000000089400000| Untracked 
| 149|0x0000000089500000, 0x0000000089500000, 0x0000000089600000|  0%| F|  |TAMS 0x0000000089500000, 0x0000000089500000| Untracked 
| 150|0x0000000089600000, 0x0000000089600000, 0x0000000089700000|  0%| F|  |TAMS 0x0000000089600000, 0x0000000089600000| Untracked 
| 151|0x0000000089700000, 0x0000000089700000, 0x0000000089800000|  0%| F|  |TAMS 0x0000000089700000, 0x0000000089700000| Untracked 
| 152|0x0000000089800000, 0x0000000089800000, 0x0000000089900000|  0%| F|  |TAMS 0x0000000089800000, 0x0000000089800000| Untracked 
| 153|0x0000000089900000, 0x0000000089900000, 0x0000000089a00000|  0%| F|  |TAMS 0x0000000089900000, 0x0000000089900000| Untracked 
| 154|0x0000000089a00000, 0x0000000089a00000, 0x0000000089b00000|  0%| F|  |TAMS 0x0000000089a00000, 0x0000000089a00000| Untracked 
| 155|0x0000000089b00000, 0x0000000089b00000, 0x0000000089c00000|  0%| F|  |TAMS 0x0000000089b00000, 0x0000000089b00000| Untracked 
| 156|0x0000000089c00000, 0x0000000089c00000, 0x0000000089d00000|  0%| F|  |TAMS 0x0000000089c00000, 0x0000000089c00000| Untracked 
| 157|0x0000000089d00000, 0x0000000089d00000, 0x0000000089e00000|  0%| F|  |TAMS 0x0000000089d00000, 0x0000000089d00000| Untracked 
| 158|0x0000000089e00000, 0x0000000089e00000, 0x0000000089f00000|  0%| F|  |TAMS 0x0000000089e00000, 0x0000000089e00000| Untracked 
| 159|0x0000000089f00000, 0x0000000089f00000, 0x000000008a000000|  0%| F|  |TAMS 0x0000000089f00000, 0x0000000089f00000| Untracked 
| 160|0x000000008a000000, 0x000000008a000000, 0x000000008a100000|  0%| F|  |TAMS 0x000000008a000000, 0x000000008a000000| Untracked 
| 161|0x000000008a100000, 0x000000008a100000, 0x000000008a200000|  0%| F|  |TAMS 0x000000008a100000, 0x000000008a100000| Untracked 
| 162|0x000000008a200000, 0x000000008a200000, 0x000000008a300000|  0%| F|  |TAMS 0x000000008a200000, 0x000000008a200000| Untracked 
| 163|0x000000008a300000, 0x000000008a300000, 0x000000008a400000|  0%| F|  |TAMS 0x000000008a300000, 0x000000008a300000| Untracked 
| 164|0x000000008a400000, 0x000000008a400000, 0x000000008a500000|  0%| F|  |TAMS 0x000000008a400000, 0x000000008a400000| Untracked 
| 165|0x000000008a500000, 0x000000008a500000, 0x000000008a600000|  0%| F|  |TAMS 0x000000008a500000, 0x000000008a500000| Untracked 
| 166|0x000000008a600000, 0x000000008a600000, 0x000000008a700000|  0%| F|  |TAMS 0x000000008a600000, 0x000000008a600000| Untracked 
| 167|0x000000008a700000, 0x000000008a700000, 0x000000008a800000|  0%| F|  |TAMS 0x000000008a700000, 0x000000008a700000| Untracked 
| 168|0x000000008a800000, 0x000000008a800000, 0x000000008a900000|  0%| F|  |TAMS 0x000000008a800000, 0x000000008a800000| Untracked 
| 169|0x000000008a900000, 0x000000008a900000, 0x000000008aa00000|  0%| F|  |TAMS 0x000000008a900000, 0x000000008a900000| Untracked 
| 170|0x000000008aa00000, 0x000000008aa00000, 0x000000008ab00000|  0%| F|  |TAMS 0x000000008aa00000, 0x000000008aa00000| Untracked 
| 171|0x000000008ab00000, 0x000000008ab00000, 0x000000008ac00000|  0%| F|  |TAMS 0x000000008ab00000, 0x000000008ab00000| Untracked 
| 172|0x000000008ac00000, 0x000000008ac00000, 0x000000008ad00000|  0%| F|  |TAMS 0x000000008ac00000, 0x000000008ac00000| Untracked 
| 173|0x000000008ad00000, 0x000000008ad00000, 0x000000008ae00000|  0%| F|  |TAMS 0x000000008ad00000, 0x000000008ad00000| Untracked 
| 174|0x000000008ae00000, 0x000000008ae00000, 0x000000008af00000|  0%| F|  |TAMS 0x000000008ae00000, 0x000000008ae00000| Untracked 
| 175|0x000000008af00000, 0x000000008af00000, 0x000000008b000000|  0%| F|  |TAMS 0x000000008af00000, 0x000000008af00000| Untracked 
| 176|0x000000008b000000, 0x000000008b000000, 0x000000008b100000|  0%| F|  |TAMS 0x000000008b000000, 0x000000008b000000| Untracked 
| 177|0x000000008b100000, 0x000000008b100000, 0x000000008b200000|  0%| F|  |TAMS 0x000000008b100000, 0x000000008b100000| Untracked 
| 178|0x000000008b200000, 0x000000008b200000, 0x000000008b300000|  0%| F|  |TAMS 0x000000008b200000, 0x000000008b200000| Untracked 
| 179|0x000000008b300000, 0x000000008b335230, 0x000000008b400000| 20%| S|CS|TAMS 0x000000008b300000, 0x000000008b300000| Complete 
| 180|0x000000008b400000, 0x000000008b500000, 0x000000008b500000|100%| S|CS|TAMS 0x000000008b400000, 0x000000008b400000| Complete 
| 181|0x000000008b500000, 0x000000008b600000, 0x000000008b600000|100%| S|CS|TAMS 0x000000008b500000, 0x000000008b500000| Complete 
| 182|0x000000008b600000, 0x000000008b600000, 0x000000008b700000|  0%| F|  |TAMS 0x000000008b600000, 0x000000008b600000| Untracked 
| 183|0x000000008b700000, 0x000000008b700000, 0x000000008b800000|  0%| F|  |TAMS 0x000000008b700000, 0x000000008b700000| Untracked 
| 184|0x000000008b800000, 0x000000008b800000, 0x000000008b900000|  0%| F|  |TAMS 0x000000008b800000, 0x000000008b800000| Untracked 
| 185|0x000000008b900000, 0x000000008b900000, 0x000000008ba00000|  0%| F|  |TAMS 0x000000008b900000, 0x000000008b900000| Untracked 
| 186|0x000000008ba00000, 0x000000008ba00000, 0x000000008bb00000|  0%| F|  |TAMS 0x000000008ba00000, 0x000000008ba00000| Untracked 
| 187|0x000000008bb00000, 0x000000008bb00000, 0x000000008bc00000|  0%| F|  |TAMS 0x000000008bb00000, 0x000000008bb00000| Untracked 
| 188|0x000000008bc00000, 0x000000008bc00000, 0x000000008bd00000|  0%| F|  |TAMS 0x000000008bc00000, 0x000000008bc00000| Untracked 
| 189|0x000000008bd00000, 0x000000008bd00000, 0x000000008be00000|  0%| F|  |TAMS 0x000000008bd00000, 0x000000008bd00000| Untracked 
| 190|0x000000008be00000, 0x000000008be00000, 0x000000008bf00000|  0%| F|  |TAMS 0x000000008be00000, 0x000000008be00000| Untracked 
| 191|0x000000008bf00000, 0x000000008bf00000, 0x000000008c000000|  0%| F|  |TAMS 0x000000008bf00000, 0x000000008bf00000| Untracked 
| 192|0x000000008c000000, 0x000000008c000000, 0x000000008c100000|  0%| F|  |TAMS 0x000000008c000000, 0x000000008c000000| Untracked 
| 193|0x000000008c100000, 0x000000008c100000, 0x000000008c200000|  0%| F|  |TAMS 0x000000008c100000, 0x000000008c100000| Untracked 
| 194|0x000000008c200000, 0x000000008c280800, 0x000000008c300000| 50%| E|  |TAMS 0x000000008c200000, 0x000000008c200000| Complete 
| 195|0x000000008c300000, 0x000000008c400000, 0x000000008c400000|100%| E|CS|TAMS 0x000000008c300000, 0x000000008c300000| Complete 
| 196|0x000000008c400000, 0x000000008c500000, 0x000000008c500000|100%| E|CS|TAMS 0x000000008c400000, 0x000000008c400000| Complete 
| 197|0x000000008c500000, 0x000000008c600000, 0x000000008c600000|100%| E|CS|TAMS 0x000000008c500000, 0x000000008c500000| Complete 
| 198|0x000000008c600000, 0x000000008c700000, 0x000000008c700000|100%| E|CS|TAMS 0x000000008c600000, 0x000000008c600000| Complete 
| 199|0x000000008c700000, 0x000000008c800000, 0x000000008c800000|100%| E|CS|TAMS 0x000000008c700000, 0x000000008c700000| Complete 
| 200|0x000000008c800000, 0x000000008c900000, 0x000000008c900000|100%| E|CS|TAMS 0x000000008c800000, 0x000000008c800000| Complete 
| 201|0x000000008c900000, 0x000000008ca00000, 0x000000008ca00000|100%| E|CS|TAMS 0x000000008c900000, 0x000000008c900000| Complete 
| 202|0x000000008ca00000, 0x000000008cb00000, 0x000000008cb00000|100%| E|CS|TAMS 0x000000008ca00000, 0x000000008ca00000| Complete 
| 203|0x000000008cb00000, 0x000000008cc00000, 0x000000008cc00000|100%| E|CS|TAMS 0x000000008cb00000, 0x000000008cb00000| Complete 
| 204|0x000000008cc00000, 0x000000008cd00000, 0x000000008cd00000|100%| E|CS|TAMS 0x000000008cc00000, 0x000000008cc00000| Complete 
| 205|0x000000008cd00000, 0x000000008ce00000, 0x000000008ce00000|100%| E|CS|TAMS 0x000000008cd00000, 0x000000008cd00000| Complete 
| 206|0x000000008ce00000, 0x000000008cf00000, 0x000000008cf00000|100%| E|CS|TAMS 0x000000008ce00000, 0x000000008ce00000| Complete 
| 207|0x000000008cf00000, 0x000000008d000000, 0x000000008d000000|100%| E|CS|TAMS 0x000000008cf00000, 0x000000008cf00000| Complete 
| 208|0x000000008d000000, 0x000000008d100000, 0x000000008d100000|100%| E|CS|TAMS 0x000000008d000000, 0x000000008d000000| Complete 
| 209|0x000000008d100000, 0x000000008d200000, 0x000000008d200000|100%| E|CS|TAMS 0x000000008d100000, 0x000000008d100000| Complete 
| 210|0x000000008d200000, 0x000000008d300000, 0x000000008d300000|100%| E|CS|TAMS 0x000000008d200000, 0x000000008d200000| Complete 
| 211|0x000000008d300000, 0x000000008d400000, 0x000000008d400000|100%| E|CS|TAMS 0x000000008d300000, 0x000000008d300000| Complete 
| 212|0x000000008d400000, 0x000000008d500000, 0x000000008d500000|100%| E|CS|TAMS 0x000000008d400000, 0x000000008d400000| Complete 
| 213|0x000000008d500000, 0x000000008d600000, 0x000000008d600000|100%| E|CS|TAMS 0x000000008d500000, 0x000000008d500000| Complete 
| 214|0x000000008d600000, 0x000000008d700000, 0x000000008d700000|100%| E|CS|TAMS 0x000000008d600000, 0x000000008d600000| Complete 
| 215|0x000000008d700000, 0x000000008d800000, 0x000000008d800000|100%| E|CS|TAMS 0x000000008d700000, 0x000000008d700000| Complete 
| 216|0x000000008d800000, 0x000000008d900000, 0x000000008d900000|100%| E|CS|TAMS 0x000000008d800000, 0x000000008d800000| Complete 
| 217|0x000000008d900000, 0x000000008da00000, 0x000000008da00000|100%| E|CS|TAMS 0x000000008d900000, 0x000000008d900000| Complete 
| 218|0x000000008da00000, 0x000000008db00000, 0x000000008db00000|100%| E|CS|TAMS 0x000000008da00000, 0x000000008da00000| Complete 
| 219|0x000000008db00000, 0x000000008dc00000, 0x000000008dc00000|100%| E|CS|TAMS 0x000000008db00000, 0x000000008db00000| Complete 
| 220|0x000000008dc00000, 0x000000008dd00000, 0x000000008dd00000|100%| E|CS|TAMS 0x000000008dc00000, 0x000000008dc00000| Complete 
| 221|0x000000008dd00000, 0x000000008de00000, 0x000000008de00000|100%| E|CS|TAMS 0x000000008dd00000, 0x000000008dd00000| Complete 
| 222|0x000000008de00000, 0x000000008df00000, 0x000000008df00000|100%| E|CS|TAMS 0x000000008de00000, 0x000000008de00000| Complete 
| 223|0x000000008df00000, 0x000000008e000000, 0x000000008e000000|100%| E|CS|TAMS 0x000000008df00000, 0x000000008df00000| Complete 

Card table byte_map: [0x0000018f4fb60000,0x0000018f4ff60000] _byte_map_base: 0x0000018f4f760000

Marking Bits (Prev, Next): (CMBitMap*) 0x0000018f3cae0780, (CMBitMap*) 0x0000018f3cae0748
 Prev Bits: [0x0000018f52360000, 0x0000018f54360000)
 Next Bits: [0x0000018f50360000, 0x0000018f52360000)

Polling page: 0x0000018f3a820000

Metaspace:

Usage:
  Non-class:     23.96 MB capacity,    23.49 MB ( 98%) used,   421.55 KB (  2%) free+waste,    57.94 KB ( <1%) overhead. 
      Class:      3.85 MB capacity,     3.58 MB ( 93%) used,   244.08 KB (  6%) free+waste,    29.13 KB ( <1%) overhead. 
       Both:     27.81 MB capacity,    27.07 MB ( 97%) used,   665.63 KB (  2%) free+waste,    87.06 KB ( <1%) overhead. 

Virtual space:
  Non-class space:       24.00 MB reserved,      24.00 MB (100%) committed 
      Class space:        1.00 GB reserved,       3.88 MB ( <1%) committed 
             Both:        1.02 GB reserved,      27.88 MB (  3%) committed 

Chunk freelists:
   Non-Class:  45.00 KB
       Class:  25.00 KB
        Both:  70.00 KB

MaxMetaspaceSize: 17179869184.00 GB
CompressedClassSpaceSize: 1.00 GB

CodeHeap 'non-profiled nmethods': size=120000Kb used=1242Kb max_used=1242Kb free=118757Kb
 bounds [0x0000018f47ef0000, 0x0000018f48160000, 0x0000018f4f420000]
CodeHeap 'profiled nmethods': size=120000Kb used=4542Kb max_used=4542Kb free=115457Kb
 bounds [0x0000018f409c0000, 0x0000018f40e40000, 0x0000018f47ef0000]
CodeHeap 'non-nmethods': size=5760Kb used=1161Kb max_used=1187Kb free=4598Kb
 bounds [0x0000018f40420000, 0x0000018f40690000, 0x0000018f409c0000]
 total_blobs=2703 nmethods=2213 adapters=399
 compilation: enabled
              stopped_count=0, restarted_count=0
 full_count=0

Compilation events (20 events):
Event: 4.508 Thread 0x0000018f5765e800 2420       3       jdk.internal.org.objectweb.asm.ClassReader::readUnsignedShort (26 bytes)
Event: 4.508 Thread 0x0000018f5765e800 nmethod 2420 0x0000018f40e27d10 code [0x0000018f40e27ec0, 0x0000018f40e28018]
Event: 4.508 Thread 0x0000018f5765e800 2422       3       org.objectweb.asm.ByteVector::putInt (74 bytes)
Event: 4.509 Thread 0x0000018f5765e800 nmethod 2422 0x0000018f40e28110 code [0x0000018f40e282e0, 0x0000018f40e28528]
Event: 4.510 Thread 0x0000018f5765e800 2423       1       com.google.common.cache.LocalCache$StrongEntry::setValueReference (6 bytes)
Event: 4.510 Thread 0x0000018f5765e800 nmethod 2423 0x0000018f48009910 code [0x0000018f48009ac0, 0x0000018f48009bd8]
Event: 4.519 Thread 0x0000018f5765e800 2424       1       com.google.common.cache.CacheBuilder::getStatsCounterSupplier (5 bytes)
Event: 4.519 Thread 0x0000018f5765e800 nmethod 2424 0x0000018f48009c90 code [0x0000018f48009e40, 0x0000018f48009ef8]
Event: 4.523 Thread 0x0000018f5765e800 2425       3       com.google.common.base.MoreObjects::firstNonNull (22 bytes)
Event: 4.523 Thread 0x0000018f5765e800 nmethod 2425 0x0000018f40e28690 code [0x0000018f40e28860, 0x0000018f40e28a88]
Event: 4.523 Thread 0x0000018f5765e800 2426       3       com.google.common.cache.LocalCache::discardingQueue (4 bytes)
Event: 4.523 Thread 0x0000018f5765e800 nmethod 2426 0x0000018f40e28b90 code [0x0000018f40e28d40, 0x0000018f40e28e38]
Event: 4.523 Thread 0x0000018f5765e800 2427       3       org.gradle.internal.logging.slf4j.OutputEventListenerBackedLogger::isLevelAtMost (20 bytes)
Event: 4.523 Thread 0x0000018f5765e800 nmethod 2427 0x0000018f40e28f10 code [0x0000018f40e290e0, 0x0000018f40e29408]
Event: 4.527 Thread 0x0000018f5765e800 2428       3       org.gradle.util.GradleVersion::compareTo (244 bytes)
Event: 4.528 Thread 0x0000018f5765e800 nmethod 2428 0x0000018f40e29590 code [0x0000018f40e29860, 0x0000018f40e2a698]
Event: 4.531 Thread 0x0000018f5765e800 2429   !   3       java.lang.invoke.LambdaForm::compileToBytecode (162 bytes)
Event: 4.533 Thread 0x0000018f5765e800 nmethod 2429 0x0000018f40e2ac10 code [0x0000018f40e2afe0, 0x0000018f40e2c658]
Event: 4.544 Thread 0x0000018f5765e800 2434       3       jdk.internal.org.objectweb.asm.Type::getArgumentTypes (131 bytes)
Event: 4.545 Thread 0x0000018f5765e800 nmethod 2434 0x0000018f40e2d310 code [0x0000018f40e2d560, 0x0000018f40e2e068]

GC Heap History (6 events):
Event: 1.001 GC heap before
{Heap before GC invocations=0 (full 0):
 garbage-first heap   total 229376K, used 29696K [0x0000000080000000, 0x0000000100000000)
  region size 1024K, 24 young (24576K), 0 survivors (0K)
 Metaspace       used 10397K, capacity 10641K, committed 11008K, reserved 1058816K
  class space    used 1095K, capacity 1163K, committed 1280K, reserved 1048576K
}
Event: 1.004 GC heap after
{Heap after GC invocations=1 (full 0):
 garbage-first heap   total 229376K, used 8343K [0x0000000080000000, 0x0000000100000000)
  region size 1024K, 3 young (3072K), 3 survivors (3072K)
 Metaspace       used 10397K, capacity 10641K, committed 11008K, reserved 1058816K
  class space    used 1095K, capacity 1163K, committed 1280K, reserved 1048576K
}
Event: 3.470 GC heap before
{Heap before GC invocations=1 (full 0):
 garbage-first heap   total 229376K, used 92311K [0x0000000080000000, 0x0000000100000000)
  region size 1024K, 87 young (89088K), 3 survivors (3072K)
 Metaspace       used 20627K, capacity 21108K, committed 21248K, reserved 1067008K
  class space    used 2530K, capacity 2721K, committed 2816K, reserved 1048576K
}
Event: 3.479 GC heap after
{Heap after GC invocations=2 (full 0):
 garbage-first heap   total 229376K, used 16497K [0x0000000080000000, 0x0000000100000000)
  region size 1024K, 11 young (11264K), 11 survivors (11264K)
 Metaspace       used 20627K, capacity 21108K, committed 21248K, reserved 1067008K
  class space    used 2530K, capacity 2721K, committed 2816K, reserved 1048576K
}
Event: 4.125 GC heap before
{Heap before GC invocations=3 (full 0):
 garbage-first heap   total 229376K, used 59505K [0x0000000080000000, 0x0000000100000000)
  region size 1024K, 53 young (54272K), 11 survivors (11264K)
 Metaspace       used 25675K, capacity 26364K, committed 26368K, reserved 1073152K
  class space    used 3343K, capacity 3582K, committed 3584K, reserved 1048576K
}
Event: 4.132 GC heap after
{Heap after GC invocations=4 (full 0):
 garbage-first heap   total 229376K, used 17822K [0x0000000080000000, 0x0000000100000000)
  region size 1024K, 3 young (3072K), 3 survivors (3072K)
 Metaspace       used 25675K, capacity 26364K, committed 26368K, reserved 1073152K
  class space    used 3343K, capacity 3582K, committed 3584K, reserved 1048576K
}

Deoptimization events (20 events):
Event: 4.208 Thread 0x0000018f59127000 Uncommon trap: trap_request=0xffffffc6 fr.pc=0x0000018f47fe3b34 relative=0x0000000000003b54
Event: 4.208 Thread 0x0000018f59127000 Uncommon trap: reason=bimorphic_or_optimized_type_check action=maybe_recompile pc=0x0000018f47fe3b34 method=java.lang.ClassLoader.loadClass(Ljava/lang/String;Z)Ljava/lang/Class; @ 38 c2
Event: 4.208 Thread 0x0000018f59127000 DEOPT PACKING pc=0x0000018f47fe3b34 sp=0x00000027d29fa3c0
Event: 4.208 Thread 0x0000018f59127000 DEOPT UNPACKING pc=0x0000018f404474af sp=0x00000027d29fa410 mode 2
Event: 4.231 Thread 0x0000018f59127000 Uncommon trap: trap_request=0xffffff4d fr.pc=0x0000018f47f667e8 relative=0x0000000000001d08
Event: 4.231 Thread 0x0000018f59127000 Uncommon trap: reason=unstable_if action=reinterpret pc=0x0000018f47f667e8 method=java.util.zip.ZipFile$Source.initCEN(ILjava/util/zip/ZipCoder;)V @ 582 c2
Event: 4.231 Thread 0x0000018f59127000 DEOPT PACKING pc=0x0000018f47f667e8 sp=0x00000027d29f6430
Event: 4.231 Thread 0x0000018f59127000 DEOPT UNPACKING pc=0x0000018f404474af sp=0x00000027d29f63f0 mode 2
Event: 4.251 Thread 0x0000018f59127000 DEOPT PACKING pc=0x0000018f40ccd0c9 sp=0x00000027d29fa4f0
Event: 4.251 Thread 0x0000018f59127000 DEOPT UNPACKING pc=0x0000018f404472ce sp=0x00000027d29f9968 mode 0
Event: 4.269 Thread 0x0000018f59127000 DEOPT PACKING pc=0x0000018f40ccd0c9 sp=0x00000027d29f9940
Event: 4.269 Thread 0x0000018f59127000 DEOPT UNPACKING pc=0x0000018f404472ce sp=0x00000027d29f8db8 mode 0
Event: 4.311 Thread 0x0000018f59127000 DEOPT PACKING pc=0x0000018f40cddd5a sp=0x00000027d29f5280
Event: 4.311 Thread 0x0000018f59127000 DEOPT UNPACKING pc=0x0000018f404472ce sp=0x00000027d29f4708 mode 0
Event: 4.311 Thread 0x0000018f59127000 DEOPT PACKING pc=0x0000018f40dea3aa sp=0x00000027d29f52c0
Event: 4.311 Thread 0x0000018f59127000 DEOPT UNPACKING pc=0x0000018f404472ce sp=0x00000027d29f4898 mode 0
Event: 4.450 Thread 0x0000018f59127000 Uncommon trap: trap_request=0xffffff4d fr.pc=0x0000018f47fdf3cc relative=0x000000000000020c
Event: 4.450 Thread 0x0000018f59127000 Uncommon trap: reason=unstable_if action=reinterpret pc=0x0000018f47fdf3cc method=java.util.HashMap.hash(Ljava/lang/Object;)I @ 1 c2
Event: 4.450 Thread 0x0000018f59127000 DEOPT PACKING pc=0x0000018f47fdf3cc sp=0x00000027d29f8d10
Event: 4.451 Thread 0x0000018f59127000 DEOPT UNPACKING pc=0x0000018f404474af sp=0x00000027d29f8c48 mode 2

Classes redefined (0 events):
No events

Internal exceptions (20 events):
Event: 4.343 Thread 0x0000018f59127000 Exception <a 'java/lang/NoSuchMethodError'{0x000000008d383298}: <clinit>> (0x000000008d383298) thrown at [./src/hotspot/share/prims/jni.cpp, line 1362]
Event: 4.344 Thread 0x0000018f59127000 Exception <a 'java/lang/NoSuchMethodError'{0x000000008d399860}: <clinit>> (0x000000008d399860) thrown at [./src/hotspot/share/prims/jni.cpp, line 1362]
Event: 4.345 Thread 0x0000018f59127000 Exception <a 'java/lang/NoSuchMethodError'{0x000000008d3a5538}: <clinit>> (0x000000008d3a5538) thrown at [./src/hotspot/share/prims/jni.cpp, line 1362]
Event: 4.349 Thread 0x0000018f59127000 Exception <a 'java/lang/NoSuchMethodError'{0x000000008d3c1040}: <clinit>> (0x000000008d3c1040) thrown at [./src/hotspot/share/prims/jni.cpp, line 1362]
Event: 4.350 Thread 0x0000018f59127000 Exception <a 'java/lang/NoSuchMethodError'{0x000000008d3ca980}: <clinit>> (0x000000008d3ca980) thrown at [./src/hotspot/share/prims/jni.cpp, line 1362]
Event: 4.351 Thread 0x0000018f59127000 Exception <a 'java/lang/NoSuchMethodError'{0x000000008d3d4930}: <clinit>> (0x000000008d3d4930) thrown at [./src/hotspot/share/prims/jni.cpp, line 1362]
Event: 4.352 Thread 0x0000018f59127000 Exception <a 'java/lang/NoSuchMethodError'{0x000000008d3de760}: <clinit>> (0x000000008d3de760) thrown at [./src/hotspot/share/prims/jni.cpp, line 1362]
Event: 4.358 Thread 0x0000018f59127000 Exception <a 'java/lang/NoSuchMethodError'{0x000000008d290320}: <clinit>> (0x000000008d290320) thrown at [./src/hotspot/share/prims/jni.cpp, line 1362]
Event: 4.358 Thread 0x0000018f59127000 Exception <a 'java/lang/NoSuchMethodError'{0x000000008d292d58}: <clinit>> (0x000000008d292d58) thrown at [./src/hotspot/share/prims/jni.cpp, line 1362]
Event: 4.358 Thread 0x0000018f59127000 Exception <a 'java/lang/NoSuchMethodError'{0x000000008d294360}: <clinit>> (0x000000008d294360) thrown at [./src/hotspot/share/prims/jni.cpp, line 1362]
Event: 4.358 Thread 0x0000018f59127000 Exception <a 'java/lang/NoSuchMethodError'{0x000000008d2958f8}: <clinit>> (0x000000008d2958f8) thrown at [./src/hotspot/share/prims/jni.cpp, line 1362]
Event: 4.358 Thread 0x0000018f59127000 Exception <a 'java/lang/NoSuchMethodError'{0x000000008d297058}: <clinit>> (0x000000008d297058) thrown at [./src/hotspot/share/prims/jni.cpp, line 1362]
Event: 4.358 Thread 0x0000018f59127000 Exception <a 'java/lang/NoSuchMethodError'{0x000000008d2986f0}: <clinit>> (0x000000008d2986f0) thrown at [./src/hotspot/share/prims/jni.cpp, line 1362]
Event: 4.358 Thread 0x0000018f59127000 Exception <a 'java/lang/NoSuchMethodError'{0x000000008d299c28}: <clinit>> (0x000000008d299c28) thrown at [./src/hotspot/share/prims/jni.cpp, line 1362]
Event: 4.371 Thread 0x0000018f59127000 Exception <a 'java/lang/NoSuchMethodError'{0x000000008d13fa70}: 'void java.lang.invoke.DirectMethodHandle$Holder.invokeSpecial(java.lang.Object, java.lang.Object, java.lang.Object, java.lang.Object)'> (0x000000008d13fa70) thrown at [./src/hotspot/share/interpreter/linkResolver.cpp, line 773]
Event: 4.450 Thread 0x0000018f59127000 Implicit null exception at 0x0000018f47fdf1f5 to 0x0000018f47fdf3bc
Event: 4.531 Thread 0x0000018f59127000 Exception <a 'java/lang/NoSuchMethodError'{0x000000008c721b30}: 'java.lang.Object java.lang.invoke.DirectMethodHandle$Holder.invokeSpecialIFC(java.lang.Object, java.lang.Object, java.lang.Object, java.lang.Object)'> (0x000000008c721b30) thrown at [./src/hotspot/share/interpreter/linkResolver.cpp, line 773]
Event: 4.542 Thread 0x0000018f59127000 Exception <a 'java/lang/NoSuchMethodError'{0x000000008c7d8770}: 'java.lang.Object java.lang.invoke.DirectMethodHandle$Holder.invokeSpecial(java.lang.Object, java.lang.Object, java.lang.Object, java.lang.Object, java.lang.Object, java.lang.Object, java.lang.Object, java.lang.Object, java.lang.Object, java.lang.Object, java.lang.Object, java.lang.Object, java.lang.Object)'> (0x000000008c7d8770) thrown at [./src/hotspot/share/interpreter/linkResolver.cpp, line 773]
Event: 4.543 Thread 0x0000018f59127000 Exception <a 'java/lang/NoSuchMethodError'{0x000000008c7e99f8}: 'java.lang.Object java.lang.invoke.DirectMethodHandle$Holder.invokeSpecial(java.lang.Object, java.lang.Object, java.lang.Object, java.lang.Object, java.lang.Object, java.lang.Object, java.lang.Object, java.lang.Object, java.lang.Object, java.lang.Object, java.lang.Object, java.lang.Object)'> (0x000000008c7e99f8) thrown at [./src/hotspot/share/interpreter/linkResolver.cpp, line 773]
Event: 4.544 Thread 0x0000018f59127000 Exception <a 'java/lang/NoSuchMethodError'{0x000000008c7eeb20}: 'java.lang.Object java.lang.invoke.Invokers$Holder.linkToTargetMethod(java.lang.Object, java.lang.Object, java.lang.Object, java.lang.Object, java.lang.Object, java.lang.Object, java.lang.Object, java.lang.Object, java.lang.Object, java.lang.Object, java.lang.Object)'> (0x000000008c7eeb20) thrown at [./src/hotspot/share/interpreter/linkResolver.cpp, line 773]

Events (20 events):
Event: 4.543 Executing VM operation: RevokeBias
Event: 4.543 Executing VM operation: RevokeBias done
Event: 4.543 Executing VM operation: RevokeBias
Event: 4.543 Executing VM operation: RevokeBias done
Event: 4.544 loading class org/gradle/api/internal/artifacts/ivyservice/modulecache/dynamicversions/ModuleVersionsCache$CachedModuleVersionList
Event: 4.544 loading class org/gradle/api/internal/artifacts/ivyservice/modulecache/dynamicversions/ModuleVersionsCache$CachedModuleVersionList done
Event: 4.545 loading class org/gradle/api/internal/artifacts/ivyservice/modulecache/ModuleMetadataCache$CachedMetadata
Event: 4.545 loading class org/gradle/api/internal/artifacts/ivyservice/modulecache/ModuleMetadataCache$CachedMetadata done
Event: 4.546 loading class org/gradle/api/internal/artifacts/ivyservice/modulecache/ModuleMetadataStore
Event: 4.546 loading class org/gradle/api/internal/artifacts/ivyservice/modulecache/ModuleMetadataStore done
Event: 4.546 loading class org/gradle/api/internal/artifacts/ivyservice/modulecache/ModuleMetadataSerializer
Event: 4.546 loading class org/gradle/api/internal/artifacts/ivyservice/modulecache/ModuleMetadataSerializer done
Event: 4.547 loading class org/gradle/api/internal/artifacts/ModuleComponentSelectorSerializer
Event: 4.547 loading class org/gradle/api/internal/artifacts/ModuleComponentSelectorSerializer done
Event: 4.548 loading class org/gradle/api/internal/artifacts/ivyservice/modulecache/artifacts/CachedArtifacts
Event: 4.548 loading class org/gradle/api/internal/artifacts/ivyservice/modulecache/artifacts/CachedArtifacts done
Event: 4.548 loading class org/gradle/api/internal/artifacts/ivyservice/modulecache/artifacts/DefaultModuleArtifactCache
Event: 4.548 loading class org/gradle/api/internal/artifacts/ivyservice/modulecache/artifacts/DefaultModuleArtifactCache done
Event: 4.549 loading class org/gradle/api/internal/artifacts/ivyservice/modulecache/artifacts/CachedArtifact
Event: 4.549 loading class org/gradle/api/internal/artifacts/ivyservice/modulecache/artifacts/CachedArtifact done


Dynamic libraries:
0x00007ff7d5530000 - 0x00007ff7d553a000 	C:\Program Files\Android\Android Studio1\jre\bin\java.exe
0x00007ffc286e0000 - 0x00007ffc288e9000 	C:\WINDOWS\SYSTEM32\ntdll.dll
0x00007ffc26570000 - 0x00007ffc2662d000 	C:\WINDOWS\System32\KERNEL32.DLL
0x00007ffc26010000 - 0x00007ffc2638c000 	C:\WINDOWS\System32\KERNELBASE.dll
0x00007ffc25ce0000 - 0x00007ffc25df1000 	C:\WINDOWS\System32\ucrtbase.dll
0x00007ffc20bc0000 - 0x00007ffc20bd7000 	C:\Program Files\Android\Android Studio1\jre\bin\VCRUNTIME140.dll
0x00007ffc21c50000 - 0x00007ffc21c69000 	C:\Program Files\Android\Android Studio1\jre\bin\jli.dll
0x00007ffc284f0000 - 0x00007ffc2869d000 	C:\WINDOWS\System32\USER32.dll
0x00007ffc25e00000 - 0x00007ffc25e26000 	C:\WINDOWS\System32\win32u.dll
0x00007ffc12990000 - 0x00007ffc12c35000 	C:\WINDOWS\WinSxS\amd64_microsoft.windows.common-controls_6595b64144ccf1df_6.0.22000.120_none_9d947278b86cc467\COMCTL32.dll
0x00007ffc284c0000 - 0x00007ffc284e9000 	C:\WINDOWS\System32\GDI32.dll
0x00007ffc25bc0000 - 0x00007ffc25cd9000 	C:\WINDOWS\System32\gdi32full.dll
0x00007ffc26bf0000 - 0x00007ffc26c93000 	C:\WINDOWS\System32\msvcrt.dll
0x00007ffc25f70000 - 0x00007ffc2600d000 	C:\WINDOWS\System32\msvcp_win.dll
0x00007ffc26e10000 - 0x00007ffc26e41000 	C:\WINDOWS\System32\IMM32.DLL
0x00007ffc1b470000 - 0x00007ffc1b50d000 	C:\Program Files\Android\Android Studio1\jre\bin\msvcp140.dll
0x00007ffbc13c0000 - 0x00007ffbc1e7c000 	C:\Program Files\Android\Android Studio1\jre\bin\server\jvm.dll
0x00007ffc26630000 - 0x00007ffc266de000 	C:\WINDOWS\System32\ADVAPI32.dll
0x00007ffc28420000 - 0x00007ffc284be000 	C:\WINDOWS\System32\sechost.dll
0x00007ffc26e50000 - 0x00007ffc26f70000 	C:\WINDOWS\System32\RPCRT4.dll
0x00007ffc26b60000 - 0x00007ffc26b68000 	C:\WINDOWS\System32\PSAPI.DLL
0x00007ffc1e7b0000 - 0x00007ffc1e7e3000 	C:\WINDOWS\SYSTEM32\WINMM.dll
0x00007ffbfb880000 - 0x00007ffbfb889000 	C:\WINDOWS\SYSTEM32\WSOCK32.dll
0x00007ffc26b70000 - 0x00007ffc26bdf000 	C:\WINDOWS\System32\WS2_32.dll
0x00007ffc1dd10000 - 0x00007ffc1dd1a000 	C:\WINDOWS\SYSTEM32\VERSION.dll
0x00007ffc24cb0000 - 0x00007ffc24cc8000 	C:\WINDOWS\SYSTEM32\kernel.appcore.dll
0x00007ffbfb860000 - 0x00007ffbfb871000 	C:\Program Files\Android\Android Studio1\jre\bin\verify.dll
0x00007ffc18f90000 - 0x00007ffc191b1000 	C:\WINDOWS\SYSTEM32\DBGHELP.DLL
0x00007ffc1b1d0000 - 0x00007ffc1b201000 	C:\WINDOWS\SYSTEM32\dbgcore.DLL
0x00007ffc25ef0000 - 0x00007ffc25f6f000 	C:\WINDOWS\System32\bcryptPrimitives.dll
0x00007ffbfaa60000 - 0x00007ffbfaa89000 	C:\Program Files\Android\Android Studio1\jre\bin\java.dll
0x00007ffbfb850000 - 0x00007ffbfb85b000 	C:\Program Files\Android\Android Studio1\jre\bin\jimage.dll
0x00007ffbfaa40000 - 0x00007ffbfaa58000 	C:\Program Files\Android\Android Studio1\jre\bin\zip.dll
0x00007ffc27440000 - 0x00007ffc27bf8000 	C:\WINDOWS\System32\SHELL32.dll
0x00007ffc23d20000 - 0x00007ffc24588000 	C:\WINDOWS\SYSTEM32\windows.storage.dll
0x00007ffc280a0000 - 0x00007ffc28419000 	C:\WINDOWS\System32\combase.dll
0x00007ffc23bb0000 - 0x00007ffc23d16000 	C:\WINDOWS\SYSTEM32\wintypes.dll
0x00007ffc27260000 - 0x00007ffc2734a000 	C:\WINDOWS\System32\SHCORE.dll
0x00007ffc27350000 - 0x00007ffc273ad000 	C:\WINDOWS\System32\shlwapi.dll
0x00007ffc25af0000 - 0x00007ffc25b11000 	C:\WINDOWS\SYSTEM32\profapi.dll
0x00007ffbfaa20000 - 0x00007ffbfaa3a000 	C:\Program Files\Android\Android Studio1\jre\bin\net.dll
0x00007ffc1f990000 - 0x00007ffc1fa9c000 	C:\WINDOWS\SYSTEM32\WINHTTP.dll
0x00007ffc250e0000 - 0x00007ffc25147000 	C:\WINDOWS\system32\mswsock.dll
0x00007ffbfaa00000 - 0x00007ffbfaa14000 	C:\Program Files\Android\Android Studio1\jre\bin\nio.dll
0x00007ffc21c70000 - 0x00007ffc21c97000 	C:\Users\Glenny\.gradle\native\fdc75f09e3144964f2cf3f50f0aa648679c211496f362492102eb8c894070792\windows-amd64\native-platform.dll
0x00007ffbfadc0000 - 0x00007ffbfaf56000 	C:\Users\Glenny\.gradle\native\12488b8bf47d2d4c9fbf2f6322a914ad602e24e48041cd04a747c6da556b65c4\windows-amd64\native-platform-file-events.dll
0x00007ffbfb840000 - 0x00007ffbfb84a000 	C:\Program Files\Android\Android Studio1\jre\bin\management.dll
0x00007ffbfa9f0000 - 0x00007ffbfa9fc000 	C:\Program Files\Android\Android Studio1\jre\bin\management_ext.dll
0x00007ffc25330000 - 0x00007ffc25348000 	C:\WINDOWS\SYSTEM32\CRYPTSP.dll
0x00007ffc24c10000 - 0x00007ffc24c45000 	C:\WINDOWS\system32\rsaenh.dll
0x00007ffc251d0000 - 0x00007ffc251f9000 	C:\WINDOWS\SYSTEM32\USERENV.dll
0x00007ffc254b0000 - 0x00007ffc254d7000 	C:\WINDOWS\SYSTEM32\bcrypt.dll
0x00007ffc25320000 - 0x00007ffc2532c000 	C:\WINDOWS\SYSTEM32\CRYPTBASE.dll
0x00007ffc247e0000 - 0x00007ffc2480d000 	C:\WINDOWS\SYSTEM32\IPHLPAPI.DLL
0x00007ffc26da0000 - 0x00007ffc26da9000 	C:\WINDOWS\System32\NSI.dll
0x00007ffc20030000 - 0x00007ffc20049000 	C:\WINDOWS\SYSTEM32\dhcpcsvc6.DLL
0x00007ffc20450000 - 0x00007ffc2046e000 	C:\WINDOWS\SYSTEM32\dhcpcsvc.DLL
0x00007ffc24850000 - 0x00007ffc24938000 	C:\WINDOWS\SYSTEM32\DNSAPI.dll
0x00007ffc1e7a0000 - 0x00007ffc1e7ac000 	C:\WINDOWS\SYSTEM32\WINNSI.DLL

dbghelp: loaded successfully - version: 4.0.5 - missing functions: none
symbol engine: initialized successfully - sym options: 0x614 - pdb path: .;C:\Program Files\Android\Android Studio1\jre\bin;C:\WINDOWS\SYSTEM32;C:\WINDOWS\WinSxS\amd64_microsoft.windows.common-controls_6595b64144ccf1df_6.0.22000.120_none_9d947278b86cc467;C:\Program Files\Android\Android Studio1\jre\bin\server;C:\Users\Glenny\.gradle\native\fdc75f09e3144964f2cf3f50f0aa648679c211496f362492102eb8c894070792\windows-amd64;C:\Users\Glenny\.gradle\native\12488b8bf47d2d4c9fbf2f6322a914ad602e24e48041cd04a747c6da556b65c4\windows-amd64

VM Arguments:
jvm_args: --add-opens=java.base/java.util=ALL-UNNAMED --add-opens=java.base/java.lang=ALL-UNNAMED --add-opens=java.base/java.lang.invoke=ALL-UNNAMED --add-opens=java.prefs/java.util.prefs=ALL-UNNAMED -Xmx2048m -Dfile.encoding=UTF-8 -Duser.country=US -Duser.language=en -Duser.variant 
java_command: org.gradle.launcher.daemon.bootstrap.GradleDaemon 6.7.1
java_class_path (initial): C:\Users\Glenny\.gradle\wrapper\dists\gradle-6.7.1-bin\bwlcbys1h7rz3272sye1xwiv6\gradle-6.7.1\lib\gradle-launcher-6.7.1.jar
Launcher Type: SUN_STANDARD

[Global flags]
     intx CICompilerCount                          = 4                                         {product} {ergonomic}
     uint ConcGCThreads                            = 2                                         {product} {ergonomic}
     uint G1ConcRefinementThreads                  = 8                                         {product} {ergonomic}
   size_t G1HeapRegionSize                         = 1048576                                   {product} {ergonomic}
    uintx GCDrainStackTargetSize                   = 64                                        {product} {ergonomic}
   size_t InitialHeapSize                          = 234881024                                 {product} {ergonomic}
   size_t MarkStackSize                            = 4194304                                   {product} {ergonomic}
   size_t MaxHeapSize                              = 2147483648                                {product} {command line}
   size_t MaxNewSize                               = 1287651328                                {product} {ergonomic}
   size_t MinHeapDeltaBytes                        = 1048576                                   {product} {ergonomic}
    uintx NonNMethodCodeHeapSize                   = 5836300                                {pd product} {ergonomic}
    uintx NonProfiledCodeHeapSize                  = 122910970                              {pd product} {ergonomic}
    uintx ProfiledCodeHeapSize                     = 122910970                              {pd product} {ergonomic}
    uintx ReservedCodeCacheSize                    = 251658240                              {pd product} {ergonomic}
     bool SegmentedCodeCache                       = true                                      {product} {ergonomic}
     bool UseCompressedClassPointers               = true                                 {lp64_product} {ergonomic}
     bool UseCompressedOops                        = true                                 {lp64_product} {ergonomic}
     bool UseG1GC                                  = true                                      {product} {ergonomic}
     bool UseLargePagesIndividualAllocation        = false                                  {pd product} {ergonomic}

Logging:
Log output configuration:
 #0: stdout all=warning uptime,level,tags
 #1: stderr all=off uptime,level,tags

Environment Variables:
PATH=C:\Program Files\Common Files\Oracle\Java\javapath;C:\Program Files\AdoptOpenJDK\jre-11.0.7.10-hotspot\bin;C:\Program Files (x86)\Common Files\Oracle\Java\javapath;C:\WINDOWS\system32;C:\WINDOWS;C:\WINDOWS\System32\Wbem;C:\WINDOWS\System32\WindowsPowerShell\v1.0\;C:\WINDOWS\System32\OpenSSH\;C:\Program Files\Inkscape\bin;C:\xampp\php;C:\ProgramData\ComposerSetup\bin;C:\Program Files\nodejs\;C:\Program Files\dotnet\;C:\\xamppv2\php;C:\\xampp\php;C:\Program Files\Git\cmd;C:\Program Files\Microsoft SQL Server\Client SDK\ODBC\170\Tools\Binn\;C:\Program Files (x86)\Microsoft SQL Server\150\Tools\Binn\;C:\Program Files\Microsoft SQL Server\150\Tools\Binn\;C:\Program Files\Microsoft SQL Server\150\DTS\Binn\;C:\Program Files (x86)\Microsoft SQL Server\150\DTS\Binn\;C:\Program Files\Azure Data Studio\bin;c:\Program Files (x86)\Microsoft SQL Server\100\Tools\Binn\;c:\Program Files (x86)\Microsoft SQL Server\100\DTS\Binn\;C:\Program Files (x86)\Bitvise SSH Client;C:\ProgramData\chocolatey\bin;C:\BC5\BIN;;C:\Users\Glenny\AppData\Local\Programs\Microsoft VS Code\bin;C:\tools\dart-sdk\bin;C:\Users\Glenny\AppData\Roaming\Pub\Cache\bin;
USERNAME=Glenny
OS=Windows_NT
PROCESSOR_IDENTIFIER=AMD64 Family 23 Model 24 Stepping 1, AuthenticAMD



---------------  S Y S T E M  ---------------

OS: Windows 10 , 64 bit Build 22000 (10.0.22000.708)
OS uptime: 0 days 0:49 hours

CPU:total 8 (initial active 8) (8 cores per cpu, 2 threads per core) family 23 model 24 stepping 1, cmov, cx8, fxsr, mmx, sse, sse2, sse3, ssse3, sse4.1, sse4.2, popcnt, avx, avx2, aes, clmul, mmxext, 3dnowpref, lzcnt, sse4a, ht, tsc, tscinvbit, tscinv, bmi1, bmi2, adx, sha, fma

Memory: 4k page, system-wide physical 14253M (3330M free)
TotalPageFile size 14253M (AvailPageFile size 12M)
current process WorkingSet (physical memory assigned to process): 261M, peak: 271M
current process commit charge ("private bytes"): 409M, peak: 418M

vm_info: OpenJDK 64-Bit Server VM (11.0.8+10-b944.6842174) for windows-amd64 JRE (11.0.8+10-b944.6842174), built on Sep 19 2020 01:11:42 by "builder" with MS VC++ 14.0 (VS2015)

END.
